{"contracts/ERC721Mech.sol":{"l":{"17":18,"18":18,"22":19,"24":18,"29":18,"30":18,"34":29},"path":"/Users/jfs/gnosis/mech/contracts/ERC721Mech.sol","s":{"1":18,"2":18,"3":19,"4":18,"5":29},"b":{"1":[18,1]},"f":{"1":18,"2":19,"3":29},"fnMap":{"1":{"name":"constructor","line":16,"loc":{"start":{"line":16,"column":4},"end":{"line":19,"column":4}}},"2":{"name":"setUp","line":21,"loc":{"start":{"line":21,"column":4},"end":{"line":31,"column":4}}},"3":{"name":"isOperator","line":33,"loc":{"start":{"line":33,"column":4},"end":{"line":35,"column":4}}}},"statementMap":{"1":{"start":{"line":17,"column":8},"end":{"line":17,"column":62}},"2":{"start":{"line":18,"column":8},"end":{"line":18,"column":24}},"3":{"start":{"line":22,"column":8},"end":{"line":22,"column":67}},"4":{"start":{"line":24,"column":8},"end":{"line":24,"column":711}},"5":{"start":{"line":34,"column":8},"end":{"line":34,"column":47}}},"branchMap":{"1":{"line":22,"type":"if","locations":[{"start":{"line":22,"column":8},"end":{"line":22,"column":8}},{"start":{"line":22,"column":8},"end":{"line":22,"column":8}}]}}},"contracts/interfaces/IFactoryFriendly.sol":{"l":{},"path":"/Users/jfs/gnosis/mech/contracts/interfaces/IFactoryFriendly.sol","s":{},"b":{},"f":{},"fnMap":{},"statementMap":{},"branchMap":{}},"contracts/interfaces/IMech.sol":{"l":{},"path":"/Users/jfs/gnosis/mech/contracts/interfaces/IMech.sol","s":{},"b":{},"f":{},"fnMap":{},"statementMap":{},"branchMap":{}},"contracts/MechBase.sol":{"l":{"18":19,"19":17,"37":7,"38":7,"39":7,"40":7,"42":7,"45":3,"47":3,"48":1,"52":2,"54":2,"58":2,"65":4,"66":2,"70":2,"87":17,"88":1,"90":16,"108":17,"109":17,"117":17,"119":6,"136":7},"path":"/Users/jfs/gnosis/mech/contracts/MechBase.sol","s":{"1":19,"2":7,"3":7,"4":7,"5":7,"6":3,"7":3,"8":1,"9":2,"10":2,"11":4,"12":2,"13":2,"14":17,"15":17,"16":17},"b":{"1":[17,2],"2":[3,4],"3":[1,2],"4":[2,2],"5":[1,16],"6":[17,2],"7":[6,11]},"f":{"1":19,"2":7,"3":17,"4":17,"5":7},"fnMap":{"1":{"name":"onlyOperator","line":17,"loc":{"start":{"line":17,"column":4},"end":{"line":20,"column":4}}},"2":{"name":"isValidSignature","line":33,"loc":{"start":{"line":33,"column":4},"end":{"line":71,"column":4}}},"3":{"name":"_exec","line":80,"loc":{"start":{"line":80,"column":4},"end":{"line":92,"column":4}}},"4":{"name":"exec","line":107,"loc":{"start":{"line":101,"column":4},"end":{"line":123,"column":4}}},"5":{"name":"splitSignature","line":129,"loc":{"start":{"line":129,"column":4},"end":{"line":141,"column":4}}}},"statementMap":{"1":{"start":{"line":18,"column":8},"end":{"line":18,"column":76}},"2":{"start":{"line":37,"column":8},"end":{"line":37,"column":17}},"3":{"start":{"line":38,"column":8},"end":{"line":38,"column":17}},"4":{"start":{"line":39,"column":8},"end":{"line":39,"column":15}},"5":{"start":{"line":42,"column":8},"end":{"line":42,"column":1622}},"6":{"start":{"line":45,"column":12},"end":{"line":45,"column":66}},"7":{"start":{"line":47,"column":12},"end":{"line":47,"column":1836}},"8":{"start":{"line":48,"column":16},"end":{"line":48,"column":33}},"9":{"start":{"line":52,"column":12},"end":{"line":52,"column":42}},"10":{"start":{"line":58,"column":12},"end":{"line":58,"column":2334}},"11":{"start":{"line":65,"column":12},"end":{"line":65,"column":2550}},"12":{"start":{"line":66,"column":16},"end":{"line":66,"column":41}},"13":{"start":{"line":70,"column":8},"end":{"line":70,"column":25}},"14":{"start":{"line":87,"column":8},"end":{"line":87,"column":3280}},"15":{"start":{"line":108,"column":8},"end":{"line":108,"column":20}},"16":{"start":{"line":117,"column":8},"end":{"line":117,"column":4346}}},"branchMap":{"1":{"line":18,"type":"if","locations":[{"start":{"line":18,"column":8},"end":{"line":18,"column":8}},{"start":{"line":18,"column":8},"end":{"line":18,"column":8}}]},"2":{"line":42,"type":"if","locations":[{"start":{"line":42,"column":8},"end":{"line":42,"column":8}},{"start":{"line":42,"column":8},"end":{"line":42,"column":8}}]},"3":{"line":47,"type":"if","locations":[{"start":{"line":47,"column":12},"end":{"line":47,"column":12}},{"start":{"line":47,"column":12},"end":{"line":47,"column":12}}]},"4":{"line":65,"type":"if","locations":[{"start":{"line":65,"column":12},"end":{"line":65,"column":12}},{"start":{"line":65,"column":12},"end":{"line":65,"column":12}}]},"5":{"line":87,"type":"if","locations":[{"start":{"line":87,"column":8},"end":{"line":87,"column":8}},{"start":{"line":87,"column":8},"end":{"line":87,"column":8}}]},"6":{"line":107,"type":"if","locations":[{"start":{"line":107,"column":13},"end":{"line":107,"column":13}},{"start":{"line":107,"column":13},"end":{"line":107,"column":13}}]},"7":{"line":117,"type":"if","locations":[{"start":{"line":117,"column":8},"end":{"line":117,"column":8}},{"start":{"line":117,"column":8},"end":{"line":117,"column":8}}]}}},"contracts/Receiver.sol":{"l":{"20":10,"30":0,"39":3},"path":"/Users/jfs/gnosis/mech/contracts/Receiver.sol","s":{"1":10,"2":0,"3":3},"b":{},"f":{"1":10,"2":0,"3":3,"4":0},"fnMap":{"1":{"name":"onERC1155Received","line":13,"loc":{"start":{"line":13,"column":4},"end":{"line":21,"column":4}}},"2":{"name":"onERC1155BatchReceived","line":23,"loc":{"start":{"line":23,"column":4},"end":{"line":31,"column":4}}},"3":{"name":"onERC721Received","line":33,"loc":{"start":{"line":33,"column":4},"end":{"line":40,"column":4}}},"4":{"name":"tokensReceived","line":42,"loc":{"start":{"line":42,"column":4},"end":{"line":51,"column":4}}}},"statementMap":{"1":{"start":{"line":20,"column":8},"end":{"line":20,"column":25}},"2":{"start":{"line":30,"column":8},"end":{"line":30,"column":25}},"3":{"start":{"line":39,"column":8},"end":{"line":39,"column":25}}},"branchMap":{}},"contracts/test/DelegateCall.sol":{"l":{"8":3,"12":2},"path":"/Users/jfs/gnosis/mech/contracts/test/DelegateCall.sol","s":{"1":2},"b":{"1":[1,1]},"f":{"1":3,"2":2},"fnMap":{"1":{"name":"constructor","line":7,"loc":{"start":{"line":7,"column":4},"end":{"line":9,"column":4}}},"2":{"name":"test","line":11,"loc":{"start":{"line":11,"column":4},"end":{"line":16,"column":4}}}},"statementMap":{"1":{"start":{"line":12,"column":8},"end":{"line":12,"column":242}}},"branchMap":{"1":{"line":12,"type":"if","locations":[{"start":{"line":12,"column":8},"end":{"line":12,"column":8}},{"start":{"line":12,"column":8},"end":{"line":12,"column":8}}]}}},"contracts/test/ERC1155Token.sol":{"l":{"13":1},"path":"/Users/jfs/gnosis/mech/contracts/test/ERC1155Token.sol","s":{"1":1},"b":{},"f":{"1":1},"fnMap":{"1":{"name":"mintToken","line":7,"loc":{"start":{"line":7,"column":4},"end":{"line":14,"column":4}}}},"statementMap":{"1":{"start":{"line":13,"column":8},"end":{"line":13,"column":41}}},"branchMap":{}},"contracts/test/ERC20Token.sol":{"l":{"8":1},"path":"/Users/jfs/gnosis/mech/contracts/test/ERC20Token.sol","s":{"1":1},"b":{},"f":{"1":1},"fnMap":{"1":{"name":"mintToken","line":7,"loc":{"start":{"line":7,"column":4},"end":{"line":9,"column":4}}}},"statementMap":{"1":{"start":{"line":8,"column":8},"end":{"line":8,"column":31}}},"branchMap":{}},"contracts/test/ERC721Token.sol":{"l":{"8":23},"path":"/Users/jfs/gnosis/mech/contracts/test/ERC721Token.sol","s":{"1":23},"b":{},"f":{"1":23},"fnMap":{"1":{"name":"mintToken","line":7,"loc":{"start":{"line":7,"column":4},"end":{"line":9,"column":4}}}},"statementMap":{"1":{"start":{"line":8,"column":8},"end":{"line":8,"column":32}}},"branchMap":{}},"contracts/ZodiacMech.sol":{"l":{"29":3,"30":3,"35":4,"40":3,"42":3,"44":3,"45":6,"50":2,"65":0,"80":0,"91":0,"92":0,"93":0,"94":0,"95":0,"96":0,"103":6,"104":0,"105":6,"106":6,"107":6,"108":6,"115":0,"123":4,"136":1,"139":1,"140":1,"141":1,"146":2,"147":2,"148":2,"150":1,"153":1},"path":"/Users/jfs/gnosis/mech/contracts/ZodiacMech.sol","s":{"1":3,"2":3,"3":4,"4":3,"5":3,"6":6,"7":2,"8":0,"9":0,"10":0,"11":0,"12":6,"13":6,"14":6,"15":0,"16":4,"17":1,"18":1,"19":1},"b":{"1":[3,1],"2":[0,0],"3":[0,0],"4":[0,0],"5":[0,0],"6":[0,6],"7":[0,0],"8":[0,6],"9":[0,0]},"f":{"1":3,"2":4,"3":2,"4":0,"5":0,"6":0,"7":6,"8":0,"9":4,"10":1},"fnMap":{"1":{"name":"constructor","line":28,"loc":{"start":{"line":28,"column":4},"end":{"line":31,"column":4}}},"2":{"name":"setUp","line":34,"loc":{"start":{"line":34,"column":4},"end":{"line":47,"column":4}}},"3":{"name":"isOperator","line":49,"loc":{"start":{"line":49,"column":4},"end":{"line":51,"column":4}}},"4":{"name":"execTransactionFromModule","line":59,"loc":{"start":{"line":59,"column":4},"end":{"line":66,"column":4}}},"5":{"name":"execTransactionFromModuleReturnData","line":74,"loc":{"start":{"line":74,"column":4},"end":{"line":81,"column":4}}},"6":{"name":"disableModule","line":90,"loc":{"start":{"line":87,"column":4},"end":{"line":97,"column":4}}},"7":{"name":"_enableModule","line":102,"loc":{"start":{"line":102,"column":4},"end":{"line":109,"column":4}}},"8":{"name":"enableModule","line":114,"loc":{"start":{"line":114,"column":4},"end":{"line":116,"column":4}}},"9":{"name":"isModuleEnabled","line":120,"loc":{"start":{"line":120,"column":4},"end":{"line":124,"column":4}}},"10":{"name":"getModulesPaginated","line":131,"loc":{"start":{"line":131,"column":4},"end":{"line":156,"column":4}}}},"statementMap":{"1":{"start":{"line":29,"column":8},"end":{"line":29,"column":54}},"2":{"start":{"line":30,"column":8},"end":{"line":30,"column":24}},"3":{"start":{"line":35,"column":8},"end":{"line":35,"column":1232}},"4":{"start":{"line":42,"column":8},"end":{"line":42,"column":71}},"5":{"start":{"line":44,"column":8},"end":{"line":44,"column":1486}},"6":{"start":{"line":45,"column":12},"end":{"line":45,"column":37}},"7":{"start":{"line":50,"column":8},"end":{"line":50,"column":38}},"8":{"start":{"line":80,"column":8},"end":{"line":80,"column":59}},"9":{"start":{"line":91,"column":8},"end":{"line":91,"column":3359}},"10":{"start":{"line":93,"column":8},"end":{"line":93,"column":79}},"11":{"start":{"line":96,"column":8},"end":{"line":96,"column":35}},"12":{"start":{"line":103,"column":8},"end":{"line":103,"column":3909}},"13":{"start":{"line":105,"column":8},"end":{"line":105,"column":78}},"14":{"start":{"line":108,"column":8},"end":{"line":108,"column":34}},"15":{"start":{"line":115,"column":8},"end":{"line":115,"column":28}},"16":{"start":{"line":123,"column":8},"end":{"line":123,"column":76}},"17":{"start":{"line":139,"column":8},"end":{"line":139,"column":31}},"18":{"start":{"line":140,"column":8},"end":{"line":140,"column":46}},"19":{"start":{"line":141,"column":8},"end":{"line":141,"column":5368}}},"branchMap":{"1":{"line":35,"type":"if","locations":[{"start":{"line":35,"column":8},"end":{"line":35,"column":8}},{"start":{"line":35,"column":8},"end":{"line":35,"column":8}}]},"2":{"line":90,"type":"if","locations":[{"start":{"line":90,"column":22},"end":{"line":90,"column":22}},{"start":{"line":90,"column":22},"end":{"line":90,"column":22}}]},"3":{"line":91,"type":"if","locations":[{"start":{"line":91,"column":8},"end":{"line":91,"column":8}},{"start":{"line":91,"column":8},"end":{"line":91,"column":8}}]},"4":{"line":91,"type":"cond-expr","locations":[{"start":{"line":91,"column":12},"end":{"line":91,"column":31}},{"start":{"line":91,"column":36},"end":{"line":91,"column":61}}]},"5":{"line":93,"type":"if","locations":[{"start":{"line":93,"column":8},"end":{"line":93,"column":8}},{"start":{"line":93,"column":8},"end":{"line":93,"column":8}}]},"6":{"line":103,"type":"if","locations":[{"start":{"line":103,"column":8},"end":{"line":103,"column":8}},{"start":{"line":103,"column":8},"end":{"line":103,"column":8}}]},"7":{"line":103,"type":"cond-expr","locations":[{"start":{"line":103,"column":12},"end":{"line":103,"column":31}},{"start":{"line":103,"column":36},"end":{"line":103,"column":61}}]},"8":{"line":105,"type":"if","locations":[{"start":{"line":105,"column":8},"end":{"line":105,"column":8}},{"start":{"line":105,"column":8},"end":{"line":105,"column":8}}]},"9":{"line":114,"type":"if","locations":[{"start":{"line":114,"column":58},"end":{"line":114,"column":58}},{"start":{"line":114,"column":58},"end":{"line":114,"column":58}}]}}}}